Primer constructor
Archivo: prueba.cpp
26/05/2022 08:09:45 p. m.
# | Caracter
include | Identificador
< | OperadorRelacional
iostream | Identificador
> | OperadorRelacional
# | Caracter
include | Identificador
< | OperadorRelacional
stdio | Identificador
. | Caracter
h | Identificador
> | OperadorRelacional
# | Caracter
include | Identificador
< | OperadorRelacional
conio | Identificador
. | Caracter
h | Identificador
> | OperadorRelacional
float | TipoDato
resultado | Identificador
; | FinSentencia
int | TipoDato
a | Identificador
, | Caracter
b | Identificador
, | Caracter
c | Identificador
, | Caracter
d | Identificador
; | FinSentencia
char | TipoDato
opcion | Identificador
; | FinSentencia
float | TipoDato
radio | Identificador
, | Caracter
altura | Identificador
, | Caracter
x | Identificador
; | FinSentencia
void | Identificador
main | Identificador
( | Caracter
) | Caracter
{ | Caracter
printf | Identificador
( | Caracter
"radio: " | Cadena
) | Caracter
; | FinSentencia
scanf | Identificador
( | Caracter
"%f" | Cadena
) | Caracter
; | FinSentencia
printf | Identificador
( | Caracter
"altura: " | Cadena
) | Caracter
; | FinSentencia
scanf | Identificador
( | Caracter
"%f" | Cadena
) | Caracter
; | FinSentencia
printf | Identificador
( | Caracter
"volumen: " | Cadena
) | Caracter
; | FinSentencia
if | Condicion
( | Caracter
radio | Identificador
+ | OperadorTermino
10 | Numero
> | OperadorRelacional
altura | Identificador
* | OperadorFactor
200 | Numero
) | Caracter
{ | Caracter
printf | Identificador
( | Caracter
"hola" | Cadena
) | Caracter
; | FinSentencia
if | Condicion
( | Caracter
1 | Numero
== | OperadorRelacional
1 | Numero
) | Caracter
{ | Caracter
while | Ciclo
( | Caracter
4 | Numero
== | OperadorRelacional
4 | Numero
) | Caracter
do | Ciclo
{ | Caracter
a | Identificador
= | Asignacion
0 | Numero
; | FinSentencia
} | Caracter
while | Ciclo
( | Caracter
6 | Numero
== | OperadorRelacional
6 | Numero
) | Caracter
Error de sintaxis, se espera un Identificador en linea: 22
